Lunar IPS (LIPS) Version 1.03
Apply IPS Patch Log

Offset    Size    RLE    IPS_File_Range       IPS_File_Size
------    ----    ID     00000000-00000004        5
078A98       3    No     00000005-0000000C        8
078AA4       3    No     0000000D-00000014        8
130F4C       4    No     00000015-0000001D        9
130FA0       5    No     0000001E-00000027        A
131244       3    No     00000028-0000002F        8
131264       3    No     00000030-00000037        8
173039      D6    No     00000038-00000112       DB
173198      73    No     00000113-0000018A       78
173657      26    No     0000018B-000001B5       2B
17368B      1A    No     000001B6-000001D4       1F
1736AF      FF    No     000001D5-000002D8      104
17383A      87    No     000002D9-00000364       8C
173903      37    No     00000365-000003A0       3C
176714      BB    No     000003A1-00000460       C0
17682B     128    No     00000461-0000058D      12D
17752D      46    No     0000058E-000005D8       4B
177586      2C    No     000005D9-00000609       31
177693      2B    No     0000060A-00000639       30
17779F      52    No     0000063A-00000690       57
178AB0      95    No     00000691-0000072A       9A
178B9C     137    No     0000072B-00000866      13C
178F2F      96    No     00000867-00000901       9B
179D38      3A    No     00000902-00000940       3F
179E05      A8    No     00000941-000009ED       AD
17EADB      94    No     000009EE-00000A86       99
17EB99     25E    No     00000A87-00000CE9      263
182B75     16D    No     00000CEA-00000E5B      172
188897       1    No     00000E5C-00000E61        6
1888BF     146    No     00000E62-00000FAC      14B
18D59B      28    No     00000FAD-00000FD9       2D
18DC7F      B0    No     00000FDA-0000108E       B5
18DDA8      41    No     0000108F-000010D4       46
18DDF0      29    No     000010D5-00001102       2E
18DE3C     17F    No     00001103-00001286      184
18E198      D9    No     00001287-00001364       DE
18E279      6B    No     00001365-000013D4       70
18EF5D      A6    No     000013D5-0000147F       AB
18F1DF      B2    No     00001480-00001536       B7
1A3F5C     1D1    No     00001537-0000170C      1D6
1A6448       5    No     0000170D-00001716        A
1C5E36      5A    No     00001717-00001775       5F
1C5EE4       2    No     00001776-0000177C        7
2349D5      1D    No     0000177D-0000179E       22
234C11       5    No     0000179F-000017A8        A
2350B4      13    No     000017A9-000017C0       18
2350D4      23    No     000017C1-000017E8       28
23552C      13    No     000017E9-00001800       18
23555C       3    No     00001801-00001808        8
235E7D       9    No     00001809-00001816        E
235E8D       5    No     00001817-00001820        A
2360AD       9    No     00001821-0000182E        E
236554       3    No     0000182F-00001836        8
236574       3    No     00001837-0000183E        8
236585      12    No     0000183F-00001855       17
2369CC      13    No     00001856-0000186D       18
2369FC       3    No     0000186E-00001875        8
2377BC       3    No     00001876-0000187D        8
23855C       3    No     0000187E-00001885        8
23857C       3    No     00001886-0000188D        8
2398CC       3    No     0000188E-00001895        8
23995C       B    No     00001896-000018A5       10
23A005       9    No     000018A6-000018B3        E
23A094       3    No     000018B4-000018BB        8
23A84C       1    No     000018BC-000018C1        6
23A874       1    No     000018C2-000018C7        6
23A944       1    No     000018C8-000018CD        6
23A94C       1    No     000018CE-000018D3        6
23A954       1    No     000018D4-000018D9        6
23A9BC       1    No     000018DA-000018DF        6
23A9D4       1    No     000018E0-000018E5        6
23AAF4       1    No     000018E6-000018EB        6
23AEFC       1    No     000018EC-000018F1        6
23AF3C       1    No     000018F2-000018F7        6
23AF44       1    No     000018F8-000018FD        6
23AF4C       1    No     000018FE-00001903        6
23AF54       1    No     00001904-00001909        6
23B1B4       1    No     0000190A-0000190F        6
23B38C       1    No     00001910-00001915        6
23B394       1    No     00001916-0000191B        6
23B80C       7    No     0000191C-00001927        C
23B81E       7    No     00001928-00001933        C
23B82C       7    No     00001934-0000193F        C
23B83E       5    No     00001940-00001949        A
23B84C       7    No     0000194A-00001955        C
23B85E       5    No     00001956-0000195F        A
23B86C       9    No     00001960-0000196D        E
23B87C       9    No     0000196E-0000197B        E
23B88C       9    No     0000197C-00001989        E
23B89E       7    No     0000198A-00001995        C
23B8AC       9    No     00001996-000019A3        E
23B8BC       9    No     000019A4-000019B1        E
23B8CC       9    No     000019B2-000019BF        E
23B8DE       7    No     000019C0-000019CB        C
23B8EC       9    No     000019CC-000019D9        E
23B8FC       9    No     000019DA-000019E7        E
23B90C       9    No     000019E8-000019F5        E
23B91E       7    No     000019F6-00001A01        C
23C014       1    No     00001A02-00001A07        6
23C084       1    No     00001A08-00001A0D        6
23C094       1    No     00001A0E-00001A13        6
23C0A4       1    No     00001A14-00001A19        6
23C0B4       1    No     00001A1A-00001A1F        6
23C294       1    No     00001A20-00001A25        6
23C414       1    No     00001A26-00001A2B        6
23C424       1    No     00001A2C-00001A31        6
23C7B0     14D    Yes    00001A32-00001A39        8
23C904       9    No     00001A3A-00001A47        E
23C914       9    No     00001A48-00001A55        E
23C924       9    No     00001A56-00001A63        E
23C934       9    No     00001A64-00001A71        E
23C948       5    No     00001A72-00001A7B        A
23C956       7    No     00001A7C-00001A87        C
23C964       9    No     00001A88-00001A95        E
23C974       9    No     00001A96-00001AA3        E
23C984       9    No     00001AA4-00001AB1        E
23C994       9    No     00001AB2-00001ABF        E
23C9A8       5    No     00001AC0-00001AC9        A
23C9B6      17    No     00001ACA-00001AE5       1C
23C9D4       9    No     00001AE6-00001AF3        E
23C9E4       9    No     00001AF4-00001B01        E
23C9F4       9    No     00001B02-00001B0F        E
23CA08       5    No     00001B10-00001B19        A
23CA18      57    No     00001B1A-00001B75       5C
23CA76      59    No     00001B76-00001BD3       5E
23CAD6      59    No     00001BD4-00001C31       5E
23CB36       9    No     00001C32-00001C3F        E
23CE24       1    No     00001C40-00001C45        6
23CE2C       1    No     00001C46-00001C4B        6
23D31C       1    No     00001C4C-00001C51        6
23D3C4       1    No     00001C52-00001C57        6
23D3CC       1    No     00001C58-00001C5D        6
23D3D4       1    No     00001C5E-00001C63        6
23D50C       1    No     00001C64-00001C69        6
23D98C       1    No     00001C6A-00001C6F        6
23D994       1    No     00001C70-00001C75        6
23D99C       1    No     00001C76-00001C7B        6
23DA7C       1    No     00001C7C-00001C81        6
23DA8C       1    No     00001C82-00001C87        6
23DA9C       1    No     00001C88-00001C8D        6
23E42C     11B    No     00001C8E-00001DAD      120
241DBA       1    No     00001DAE-00001DB3        6
241DE2       1    No     00001DB4-00001DB9        6
241E0A       1    No     00001DBA-00001DBF        6
241E32       1    No     00001DC0-00001DC5        6
241E5A       1    No     00001DC6-00001DCB        6
241E82       1    No     00001DCC-00001DD1        6
241EAA       1    No     00001DD2-00001DD7        6
241ED2       1    No     00001DD8-00001DDD        6
241EFA       1    No     00001DDE-00001DE3        6
242D58       3    No     00001DE4-00001DEB        8
242D78       B    No     00001DEC-00001DFB       10
242DA0       B    No     00001DFC-00001E0B       10
242DC8       B    No     00001E0C-00001E1B       10
242DF0       B    No     00001E1C-00001E2B       10
242E18       B    No     00001E2C-00001E3B       10
242E40       B    No     00001E3C-00001E4B       10
242E68       B    No     00001E4C-00001E5B       10
242E90       B    No     00001E5C-00001E6B       10
242EB8       B    No     00001E6C-00001E7B       10
242EEA       1    No     00001E7C-00001E81        6
242F12       1    No     00001E82-00001E87        6
242F3A       1    No     00001E88-00001E8D        6
242F62       1    No     00001E8E-00001E93        6
242F8A       1    No     00001E94-00001E99        6
245E42       1    No     00001E9A-00001E9F        6
245E6A       1    No     00001EA0-00001EA5        6
245E92       1    No     00001EA6-00001EAB        6
245EEB      61    No     00001EAC-00001F11       66
246510      1E    No     00001F12-00001F34       23
246553       7    No     00001F35-00001F40        C
252BD1      46    No     00001F41-00001F8B       4B
253048      17    No     00001F8C-00001FA7       1C
253078       7    No     00001FA8-00001FB3        C
2547A0      5F    No     00001FB4-00002017       64
25480A      11    No     00002018-0000202D       16
254826      12    No     0000202E-00002044       17
254842      55    No     00002045-0000209E       5A
255744      52    No     0000209F-000020F5       57
2557EC      1A    No     000020F6-00002114       1F
257494      EE    No     00002115-00002207       F3
258114      3A    No     00002208-00002246       3F
2581A0      12    No     00002247-0000225D       17
25977E       1    No     0000225E-00002263        6
2597A6       1    No     00002264-00002269        6
270DE0       2    No     0000226A-00002270        7
270E20       F    No     00002271-00002284       14
270E60      20    No     00002285-000022A9       25
277774      20    No     000022AA-000022CE       25
27A21E       2    No     000022CF-000022D5        7
27A228       F    No     000022D6-000022E9       14
27A268      20    No     000022EA-0000230E       25
27B014       5    No     0000230F-00002318        A
28E3A4       2    No     00002319-0000231F        7
28E3CC       A    No     00002320-0000232E        F
28E3DE       3    No     0000232F-00002336        8
28E424      20    No     00002337-0000235B       25
28E464      20    No     0000235C-00002380       25
292FF0      C2    No     00002381-00002447       C7
35D2B3      15    No     00002448-00002461       1A
35D2D0      70    No     00002462-000024D6       75
35D349      15    No     000024D7-000024F0       1A
35D3BA       E    No     000024F1-00002503       13
35D3D8      68    No     00002504-00002570       6D
35D448      16    No     00002571-0000258B       1B
35D4BA       E    No     0000258C-0000259E       13
35D4D8      68    No     0000259F-0000260B       6D
35D548      15    No     0000260C-00002625       1A
35D5B7      11    No     00002626-0000263B       16
35D5D4      91    No     0000263C-000026D1       96
35D6B7      11    No     000026D2-000026E7       16
35D6D4      91    No     000026E8-0000277D       96
35D7BE       A    No     0000277E-0000278C        F
35D7DC      81    No     0000278D-00002812       86
35D8BE       A    No     00002813-00002821        F
35D8DC      64    No     00002822-0000288A       69
35D949      18    No     0000288B-000028A7       1D
35D9BE       A    No     000028A8-000028B6        F
35D9DC      58    No     000028B7-00002913       5D
35DA3B       1    No     00002914-00002919        6
35DA48      16    No     0000291A-00002934       1B
35DABE       A    No     00002935-00002943        F
35DADC      64    No     00002944-000029AC       69
35DB48      16    No     000029AD-000029C7       1B
35DBB3      15    No     000029C8-000029E1       1A
35DBD0      6C    No     000029E2-00002A52       71
35DC49      11    No     00002A53-00002A68       16
35DCBA       E    No     00002A69-00002A7B       13
35DCD8      67    No     00002A7C-00002AE7       6C
35DD48       D    No     00002AE8-00002AF9       12
35DDBA       E    No     00002AFA-00002B0C       13
35DDD8      64    No     00002B0D-00002B75       69
35DE48      12    No     00002B76-00002B8C       17
35DEAF      78    No     00002B8D-00002C09       7D
35DF2E       A    No     00002C0A-00002C18        F
35DF4C       A    No     00002C19-00002C27        F
35DFB3      15    No     00002C28-00002C41       1A
35DFD0      5A    No     00002C42-00002CA0       5F
35E032       6    No     00002CA1-00002CAB        B
35E03F       1    No     00002CAC-00002CB1        6
35E04A      10    No     00002CB2-00002CC6       15
35E0B3      15    No     00002CC7-00002CE0       1A
35E0D0      63    No     00002CE1-00002D48       68
35E14A      13    No     00002D49-00002D60       18
35E1BA       E    No     00002D61-00002D73       13
35E1D8      64    No     00002D74-00002DDC       69
35E248      12    No     00002DDD-00002DF3       17
35E2BE       A    No     00002DF4-00002E02        F
35E2DC      7E    No     00002E03-00002E85       83
35E3BE       A    No     00002E86-00002E94        F
35E3DC      63    No     00002E95-00002EFC       68
35E449      18    No     00002EFD-00002F19       1D
35E4B9       F    No     00002F1A-00002F2D       14
35E4D8      54    No     00002F2E-00002F86       59
35E537       5    No     00002F87-00002F90        A
35E548      11    No     00002F91-00002FA6       16
35E5BD       B    No     00002FA7-00002FB6       10
35E5DC      64    No     00002FB7-0000301F       69
35E648      15    No     00003020-00003039       1A
35E6BD       B    No     0000303A-00003049       10
35E6DC      60    No     0000304A-000030AE       65
35E748      16    No     000030AF-000030C9       1B
35E7B7      11    No     000030CA-000030DF       16
35E7D4      89    No     000030E0-0000316D       8E
35E8B7      11    No     0000316E-00003183       16
35E8D4      6C    No     00003184-000031F4       71
35E94A      17    No     000031F5-00003210       1C
35F2F2      16    No     00003211-0000322B       1B
35F318      45    No     0000322C-00003275       4A
35F368      18    No     00003276-00003292       1D
35F38D      11    No     00003293-000032A8       16
35F3F7      11    No     000032A9-000032BE       16
35F418      68    No     000032BF-0000332B       6D
35F490       1    No     0000332C-00003331        6
35F498       6    No     00003332-0000333C        B
35F4F2      16    No     0000333D-00003357       1B
35F518      68    No     00003358-000033C4       6D
35F58A      14    No     000033C5-000033DD       19
35F5F3      15    No     000033DE-000033F7       1A
35F610      70    No     000033F8-0000346C       75
35F68A      14    No     0000346D-00003485       19
35F6F7      11    No     00003486-0000349B       16
35F714      6B    No     0000349C-0000350B       70
35F788      12    No     0000350C-00003522       17
35F7F2      16    No     00003523-0000353D       1B
35F818      68    No     0000353E-000035AA       6D
35F88A      14    No     000035AB-000035C3       19
35F8F3      15    No     000035C4-000035DD       1A
35F910      58    No     000035DE-0000363A       5D
35F96F      11    No     0000363B-00003650       16
35F98A      14    No     00003651-00003669       19
35F9F7      11    No     0000366A-0000367F       16
35FA14      6B    No     00003680-000036EF       70
35FA88      12    No     000036F0-00003706       17
35FAF7      11    No     00003707-0000371C       16
35FB14      6B    No     0000371D-0000378C       70
35FB88      12    No     0000378D-000037A3       17
363E4F      39    No     000037A4-000037E1       3E
363EC8      40    No     000037E2-00003826       45
363F4B       5    No     00003827-00003830        A
363F57       5    No     00003831-0000383A        A
363F68       5    No     0000383B-00003844        A
363F74       5    No     00003845-0000384E        A
364052      16    No     0000384F-00003869       1B
364070      18    No     0000386A-00003886       1D
3640C8      3F    No     00003887-000038CA       44
36414F       1    No     000038CB-000038D0        6
364157       5    No     000038D1-000038DA        A
36416C       1    No     000038DB-000038E0        6
364174       5    No     000038E1-000038EA        A
364251      17    No     000038EB-00003906       1C
364270      18    No     00003907-00003923       1D
3642C8      3F    No     00003924-00003967       44
364314       9    No     00003968-00003975        E
36434D       F    No     00003976-00003989       14
364368      13    No     0000398A-000039A1       18
36444F      19    No     000039A2-000039BF       1E
364470      17    No     000039C0-000039DB       1C
3644C8      3C    No     000039DC-00003A1C       41
36454B      11    No     00003A1D-00003A32       16
364568       5    No     00003A33-00003A3C        A
364574       5    No     00003A3D-00003A46        A
364653      35    No     00003A47-00003A80       3A
3646C9      3F    No     00003A81-00003AC4       44
36474B       5    No     00003AC5-00003ACE        A
364757       9    No     00003ACF-00003ADC        E
364768      11    No     00003ADD-00003AF2       16
364851      17    No     00003AF3-00003B0E       1C
364870      17    No     00003B0F-00003B2A       1C
3648C8      3F    No     00003B2B-00003B6E       44
36494D       3    No     00003B6F-00003B76        8
364957       9    No     00003B77-00003B84        E
36496C       1    No     00003B85-00003B8A        6
364974       5    No     00003B8B-00003B94        A
364A52      16    No     00003B95-00003BAF       1B
364A70      18    No     00003BB0-00003BCC       1D
364AC9      3E    No     00003BCD-00003C0F       43
364B4F       1    No     00003C10-00003C15        6
364B57       5    No     00003C16-00003C1F        A
364B6C       D    No     00003C20-00003C31       12
364C43       5    No     00003C32-00003C3B        A
364C51      17    No     00003C3C-00003C57       1C
364C70      18    No     00003C58-00003C74       1D
364CAB       1    No     00003C75-00003C7A        6
364CC8      18    No     00003C7B-00003C97       1D
364CE8      2E    No     00003C98-00003CCA       33
364D4D      13    No     00003CCB-00003CE2       18
364D68      15    No     00003CE3-00003CFC       1A
364E52      16    No     00003CFD-00003D17       1B
364E70      18    No     00003D18-00003D34       1D
364EA4       1    No     00003D35-00003D3A        6
364EC8      10    No     00003D3B-00003D4F       15
364EDF       1    No     00003D50-00003D55        6
364EE7      32    No     00003D56-00003D8C       37
364F4B      11    No     00003D8D-00003DA2       16
364F69      12    No     00003DA3-00003DB9       17
36504A      1E    No     00003DBA-00003DDC       23
365070      18    No     00003DDD-00003DF9       1D
3650C8      3E    No     00003DFA-00003E3C       43
365149      13    No     00003E3D-00003E54       18
365168      12    No     00003E55-00003E6B       17
36524A      1E    No     00003E6C-00003E8E       23
365270      18    No     00003E8F-00003EAB       1D
3652C9      3F    No     00003EAC-00003EEF       44
365349      13    No     00003EF0-00003F07       18
365368       5    No     00003F08-00003F11        A
365374       6    No     00003F12-00003F1C        B
36544A      1E    No     00003F1D-00003F3F       23
365470      18    No     00003F40-00003F5C       1D
3654C8      40    No     00003F5D-00003FA1       45
365549      13    No     00003FA2-00003FB9       18
365568      12    No     00003FBA-00003FD0       17
36564B      3D    No     00003FD1-00004012       42
3656C8      40    No     00004013-00004057       45
365749      13    No     00004058-0000406F       18
365768      12    No     00004070-00004086       17
365853      15    No     00004087-000040A0       1A
365870      17    No     000040A1-000040BC       1C
3658C8      3E    No     000040BD-000040FF       43
365949      13    No     00004100-00004117       18
365968      12    No     00004118-0000412E       17
365A53      15    No     0000412F-00004148       1A
365A70      17    No     00004149-00004164       1C
365ACB      3B    No     00004165-000041A4       40
365B49      13    No     000041A5-000041BC       18
365B68      12    No     000041BD-000041D3       17
36865F       9    No     000041D4-000041E1        E
36867C       C    No     000041E2-000041F2       11
3686A4       1    No     000041F3-000041F8        6
3686CA      16    No     000041F9-00004213       1B
3686E8      3D    No     00004214-00004255       42
368751      30    No     00004256-0000428A       35
36887A       E    No     0000428B-0000429D       13
368898      10    No     0000429E-000042B2       15
3688E8      40    No     000042B3-000042F7       45
36896B       1    No     000042F8-000042FD        6
368977       9    No     000042FE-0000430B        E
368988      16    No     0000430C-00004326       1B
368A7C       C    No     00004327-00004337       11
368A9C       A    No     00004338-00004346        F
368ACB      11    No     00004347-0000435C       16
368AE8      40    No     0000435D-000043A1       45
368B6B       9    No     000043A2-000043AF        E
368B7B      23    No     000043B0-000043D7       28
368C7A       E    No     000043D8-000043EA       13
368C98      10    No     000043EB-000043FF       15
368CE8      40    No     00004400-00004444       45
368D6B       1    No     00004445-0000444A        6
368D76       A    No     0000444B-00004459        F
368D88      15    No     0000445A-00004473       1A
368E49      3E    No     00004474-000044B6       43
368EC8      3E    No     000044B7-000044F9       43
368F4A       9    No     000044FA-00004507        E
368F68       9    No     00004508-00004515        E
36905D       B    No     00004516-00004525       10
36907C       A    No     00004526-00004534        F
3690C8      3F    No     00004535-00004578       44
369149      38    No     00004579-000045B5       3D
369252      16    No     000045B6-000045D0       1B
369270      18    No     000045D1-000045ED       1D
3692C8      3F    No     000045EE-00004631       44
36934A       E    No     00004632-00004644       13
369368       E    No     00004645-00004657       13
369456      12    No     00004658-0000466E       17
369474      14    No     0000466F-00004687       19
3694C8      3E    No     00004688-000046CA       43
36954A      12    No     000046CB-000046E1       17
369569      11    No     000046E2-000046F7       16
36964F      39    No     000046F8-00004735       3E
3696C9      39    No     00004736-00004773       3E
369756       6    No     00004774-0000477E        B
36976D       C    No     0000477F-0000478F       11
3697D7      11    No     00004790-000047A5       16
3697F0      18    No     000047A6-000047C2       1D
369849      3F    No     000047C3-00004806       44
3698CA       9    No     00004807-00004814        E
3698DA       6    No     00004815-0000481F        B
3698EA      14    No     00004820-00004838       19
3699DF       9    No     00004839-00004846        E
3699F8       F    No     00004847-0000485A       14
369A4A      3E    No     0000485B-0000489D       43
369AC9       A    No     0000489E-000048AC        F
369AE8      1E    No     000048AD-000048CF       23
369BCF      39    No     000048D0-0000490D       3E
369C48      3F    No     0000490E-00004951       44
369CC9      13    No     00004952-00004969       18
369CE9      11    No     0000496A-0000497F       16
38A473      15    No     00004980-00004999       1A
38A490      92    No     0000499A-00004A30       97
38A577      11    No     00004A31-00004A46       16
38A594       1    No     00004A47-00004A4C        6
38A599      89    No     00004A4D-00004ADA       8E
38A677      11    No     00004ADB-00004AF0       16
38A698      68    No     00004AF1-00004B5D       6D
38A709      14    No     00004B5E-00004B76       19
38A777      11    No     00004B77-00004B8C       16
38A794      8D    No     00004B8D-00004C1E       92
38A877      11    No     00004C1F-00004C34       16
38A894      92    No     00004C35-00004CCB       97
38A97B       D    No     00004CCC-00004CDD       12
38A998       1    No     00004CDE-00004CE3        6
38A99D      84    No     00004CE4-00004D6C       89
38AA7B       D    No     00004D6D-00004D7E       12
38AA98       1    No     00004D7F-00004D84        6
38AA9D      89    No     00004D85-00004E12       8E
38AB7B       D    No     00004E13-00004E24       12
38AB9C      64    No     00004E25-00004E8D       69
38AC08      16    No     00004E8E-00004EA8       1B
38AC7B       D    No     00004EA9-00004EBA       12
38AC9C      64    No     00004EBB-00004F23       69
38AD08      1A    No     00004F24-00004F42       1F
38F23F      49    No     00004F43-00004F90       4E
38F29C     101    No     00004F91-00005096      106
38F3A4       C    No     00005097-000050A7       11
38F3B3       9    Yes    000050A8-000050AF        8
38F3BF      4E    No     000050B0-00005102       53
38F40D       C    Yes    00005103-0000510A        8
38F41C       5    No     0000510B-00005114        A
38F43B      4D    No     00005115-00005166       52
38F498     1D0    No     00005167-0000533B      1D5
38F670      18    No     0000533C-00005358       1D
38F698     10E    No     00005359-0000546B      113
38F7BB      52    No     0000546C-000054C2       57
38F818       9    No     000054C3-000054D0        E
38F829      7F    No     000054D1-00005554       84
39EE37      11    No     00005555-0000556A       16
39EE54      14    No     0000556B-00005583       19
39EE7C       A    No     00005584-00005592        F
39EF0F       D    No     00005593-000055A4       12
39EF28      41    No     000055A5-000055EA       46
39F048       2    No     000055EB-000055F1        7
39F63D       B    No     000055F2-00005601       10
39F65C       B    No     00005602-00005611       10
39F728      40    No     00005612-00005656       45
39F829      39    No     00005657-00005694       3E
3A4836       1    No     00005695-0000569A        6
3A4840       1    No     0000569B-000056A0        6
3A4D8E       1    No     000056A1-000056A6        6
3A4D98       1    No     000056A7-000056AC        6
3A4DB2       1    No     000056AD-000056B2        6
3A4DBC       1    No     000056B3-000056B8        6
3A4DD6       1    No     000056B9-000056BE        6
3A4DE0       1    No     000056BF-000056C4        6
3B0C6F       1    No     000056C5-000056CA        6
3B0D2F       1    No     000056CB-000056D0        6
3B0E07       1    No     000056D1-000056D6        6
3B0EE3       1    No     000056D7-000056DC        6
3B15CB       1    No     000056DD-000056E2        6
3B1747       5    No     000056E3-000056EC        A
3B1883       5    No     000056ED-000056F6        A
3B712B       1    No     000056F7-000056FC        6
3B72EB       1    No     000056FD-00005702        6
3C75DA       1    No     00005703-00005708        6
3C75EA       1    No     00005709-0000570E        6
3C75F4       7    No     0000570F-0000571A        C
3C7748       3    No     0000571B-00005722        8
3C7760       3    No     00005723-0000572A        8
3C776C       3    No     0000572B-00005732        8
3C777A       1    No     00005733-00005738        6
3C77A4       B    No     00005739-00005748       10
3C77D0       3    No     00005749-00005750        8
3C77DC       3    No     00005751-00005758        8
3C77EE       1    No     00005759-0000575E        6
3C7A24      2F    No     0000575F-00005792       34
3C7A5E      11    No     00005793-000057A8       16
3C7AC4      2F    No     000057A9-000057DC       34
3C7B1A      2D    No     000057DD-0000580E       32
3C7B52      11    No     0000580F-00005824       16
3C9174       7    No     00005825-00005830        C
3C918C       3    No     00005831-00005838        8
3C9CB8      1A    No     00005839-00005857       1F
3C9CE0       6    No     00005858-00005862        B
3C9CF4      56    No     00005863-000058BD       5B
3C9D59      19    No     000058BE-000058DB       1E
3C9D81       5    No     000058DC-000058E5        A
3C9D95      41    No     000058E6-0000592B       46
3C9DE5       5    No     0000592C-00005935        A
3C9DF9       5    No     00005936-0000593F        A
3C9E0D       5    No     00005940-00005949        A
3C9E21       5    No     0000594A-00005953        A
3C9E35       5    No     00005954-0000595D        A
3C9E49      71    No     0000595E-000059D3       76
3C9EC1      35    No     000059D4-00005A0D       3A
3C9EFD      7D    No     00005A0E-00005A8F       82
3C9F89       5    No     00005A90-00005A99        A
3C9F9D      19    No     00005A9A-00005AB7       1E
3C9FC5      2D    No     00005AB8-00005AE9       32
3CA001      19    No     00005AEA-00005B07       1E
3CA029      A5    No     00005B08-00005BB1       AA
3CA0DC       6    No     00005BB2-00005BBC        B
3CA0F0      19    No     00005BBD-00005BDA       1E
3CA119       4    No     00005BDB-00005BE3        9
3CA12D       5    No     00005BE4-00005BED        A
3CA141       4    No     00005BEE-00005BF6        9
3CA155       5    No     00005BF7-00005C00        A
3CA169       5    No     00005C01-00005C0A        A
3CA17D       5    No     00005C0B-00005C14        A
3CA191       5    No     00005C15-00005C1E        A
3CA1A5       5    No     00005C1F-00005C28        A
3CA1B9       5    No     00005C29-00005C32        A
3CA1CD       5    No     00005C33-00005C3C        A
3CA1E1       5    No     00005C3D-00005C46        A
3CA1F5       5    No     00005C47-00005C50        A
3CA209       4    No     00005C51-00005C59        9
3CA21D       5    No     00005C5A-00005C63        A
3CA230      3A    No     00005C64-00005CA2       3F
3CA385      A5    No     00005CA3-00005D4C       AA
3CA439      55    No     00005D4D-00005DA6       5A
3CA49D       5    No     00005DA7-00005DB0        A
3CA4B1       5    No     00005DB1-00005DBA        A
3CA4C5       5    No     00005DBB-00005DC4        A
3CA4D9       5    No     00005DC5-00005DCE        A
3CA4ED     17B    No     00005DCF-00005F4E      180
3D3E88       2    No     00005F4F-00005F55        7
3D3F10       3    No     00005F56-00005F5D        8
3E19CB      15    No     00005F5E-00005F77       1A
3E19E8      92    No     00005F78-0000600E       97
3E1BCF      11    No     0000600F-00006024       16
3E1BF0      68    No     00006025-00006091       6D
3E1C61      14    No     00006092-000060AA       19
3E1CCF      11    No     000060AB-000060C0       16
3E1CEC      8D    No     000060C1-00006152       92
3E1DCF      11    No     00006153-00006168       16
3E1DEC      92    No     00006169-000061FF       97
3E20D3       D    No     00006200-00006211       12
3E20F4      64    No     00006212-0000627A       69
3E2160      16    No     0000627B-00006295       1B
3E21D3       D    No     00006296-000062A7       12
3E21F4      64    No     000062A8-00006310       69
3E2260      1A    No     00006311-0000632F       1F
43FAB4       3    No     00006330-00006337        8
444CB2      5D    No     00006338-00006399       62
444D1C      58    No     0000639A-000063F6       5D
444D8C      BD    No     000063F7-000064B8       C2
444E59      CA    No     000064B9-00006587       CF
444F39      4D    No     00006588-000065D9       52
444F95      49    No     000065DA-00006627       4E
444FEE      60    No     00006628-0000668C       65
448760      54    No     0000668D-000066E5       59
4487C0      66    No     000066E6-00006750       6B
448954      3E    No     00006751-00006793       43
44E874       B    No     00006794-000067A3       10
44E890       1    No     000067A4-000067A9        6
44E898      10    No     000067AA-000067BE       15
44E8B2       1    No     000067BF-000067C4        6
44E8BC      10    No     000067C5-000067D9       15
44E8D8       D    No     000067DA-000067EB       12
44E8EC       3    No     000067EC-000067F3        8
44E8FA       3    No     000067F4-000067FB        8
44E904      10    No     000067FC-00006810       15
44E91E      1A    No     00006811-0000682F       1F
44E942      19    No     00006830-0000684D       1E
44E966       3    No     0000684E-00006855        8
44E970      10    No     00006856-0000686A       15
44E98A       3    No     0000686B-00006872        8
44E994      10    No     00006873-00006887       15
44E9B0       5    No     00006888-00006891        A
44FC90      13    No     00006892-000068A9       18
44FCAA      1A    No     000068AA-000068C8       1F
44FCCE       F    No     000068C9-000068DC       14
44FCE4       4    No     000068DD-000068E5        9
44FCF2       7    No     000068E6-000068F1        C
459B83       F    No     000068F2-00006905       14
459C9E       E    No     00006906-00006918       13
460F74      34    No     00006919-00006951       39
460FB4     53A    No     00006952-00006E90      53F
4614F6      F7    No     00006E91-00006F8C       FC
462443     311    No     00006F8D-000072A2      316
46275E     11E    No     000072A3-000073C5      123
462884      53    No     000073C6-0000741D       58
71A23C     BF2    No     0000741E-00008014      BF7
514E24    FFFF    SE!    xxxxxxxx-xxxxxxxx    xxxxx
524E23    FFFF    SE!    xxxxxxxx-xxxxxxxx    xxxxx
534E22    FFFF    SE!    xxxxxxxx-xxxxxxxx    xxxxx
544E21    FFFF    SE!    xxxxxxxx-xxxxxxxx    xxxxx
554E20    FFFF    SE!    xxxxxxxx-xxxxxxxx    xxxxx
564E1F    FFFF    SE!    xxxxxxxx-xxxxxxxx    xxxxx
574E1E    FFFF    SE!    xxxxxxxx-xxxxxxxx    xxxxx
584E1D    FFFF    SE!    xxxxxxxx-xxxxxxxx    xxxxx
594E1C    FFFF    SE!    xxxxxxxx-xxxxxxxx    xxxxx
5A4E1B    FFFF    SE!    xxxxxxxx-xxxxxxxx    xxxxx
5B4E1A    FFFF    SE!    xxxxxxxx-xxxxxxxx    xxxxx
5C4E19    FFFF    SE!    xxxxxxxx-xxxxxxxx    xxxxx
5D4E18    FFFF    SE!    xxxxxxxx-xxxxxxxx    xxxxx
5E4E17    FFFF    SE!    xxxxxxxx-xxxxxxxx    xxxxx
5F4E16    FFFF    SE!    xxxxxxxx-xxxxxxxx    xxxxx
604E15    FFFF    SE!    xxxxxxxx-xxxxxxxx    xxxxx
614E14    FFFF    SE!    xxxxxxxx-xxxxxxxx    xxxxx
624E13    FFFF    SE!    xxxxxxxx-xxxxxxxx    xxxxx
634E12    FFFF    SE!    xxxxxxxx-xxxxxxxx    xxxxx
644E11    FFFF    SE!    xxxxxxxx-xxxxxxxx    xxxxx
654E10    FFFF    SE!    xxxxxxxx-xxxxxxxx    xxxxx
664E0F    FFFF    SE!    xxxxxxxx-xxxxxxxx    xxxxx
674E0E    FFFF    SE!    xxxxxxxx-xxxxxxxx    xxxxx
684E0D    FFFF    SE!    xxxxxxxx-xxxxxxxx    xxxxx
694E0C    FFFF    SE!    xxxxxxxx-xxxxxxxx    xxxxx
6A4E0B    FFFF    SE!    xxxxxxxx-xxxxxxxx    xxxxx
6B4E0A    FFFF    SE!    xxxxxxxx-xxxxxxxx    xxxxx
6C4E09    FFFF    SE!    xxxxxxxx-xxxxxxxx    xxxxx
6D4E08    FFFF    SE!    xxxxxxxx-xxxxxxxx    xxxxx
6E4E07    FFFF    SE!    xxxxxxxx-xxxxxxxx    xxxxx
6F4E06    FFFF    SE!    xxxxxxxx-xxxxxxxx    xxxxx
704E05    FFFF    SE!    xxxxxxxx-xxxxxxxx    xxxxx
714E04    5438    SE!    xxxxxxxx-xxxxxxxx    xxxxx
71AFB4      50    No     00008015-00008069       55
71AE2E     186    SE!    xxxxxxxx-xxxxxxxx    xxxxx
71B1D4      50    No     0000806A-000080BE       55
71B004     1D0    SE!    xxxxxxxx-xxxxxxxx    xxxxx
71B3F4      50    No     000080BF-00008113       55
71B224     1D0    SE!    xxxxxxxx-xxxxxxxx    xxxxx
71B614      50    Yes    00008114-0000811B        8
71B444     1D0    SE!    xxxxxxxx-xxxxxxxx    xxxxx
71B818      60    No     0000811C-00008180       65
71B664     1B4    SE!    xxxxxxxx-xxxxxxxx    xxxxx
71BA3C      60    No     00008181-000081E5       65
71B878     1C4    SE!    xxxxxxxx-xxxxxxxx    xxxxx
71BC64      60    No     000081E6-0000824A       65
71BA9C     1C8    SE!    xxxxxxxx-xxxxxxxx    xxxxx
71BE8C      60    No     0000824B-000082AF       65
71BCC4     1C8    SE!    xxxxxxxx-xxxxxxxx    xxxxx
71C0B4      60    No     000082B0-00008314       65
71BEEC     1C8    SE!    xxxxxxxx-xxxxxxxx    xxxxx
71C2DC      60    No     00008315-00008379       65
71C114     1C8    SE!    xxxxxxxx-xxxxxxxx    xxxxx
740000       5    Yes    0000837A-00008381        8
71C33C    FFFF    SE!    xxxxxxxx-xxxxxxxx    xxxxx
72C33B    FFFF    SE!    xxxxxxxx-xxxxxxxx    xxxxx
73C33A    3CC6    SE!    xxxxxxxx-xxxxxxxx    xxxxx
740005      1B    No     00008382-000083A1       20
740044       5    Yes    000083A2-000083A9        8
740020      24    SE!    xxxxxxxx-xxxxxxxx    xxxxx
740049      1B    No     000083AA-000083C9       20
7400C8      20    Yes    000083CA-000083D1        8
740064      64    SE!    xxxxxxxx-xxxxxxxx    xxxxx
7400EC      66    No     000083D2-0000843C       6B
7400E8       4    SE!    xxxxxxxx-xxxxxxxx    xxxxx
D2FE7F      21    No     0000843D-00008462       26
740152    FFFF    SE!    xxxxxxxx-xxxxxxxx    xxxxx
750151    FFFF    SE!    xxxxxxxx-xxxxxxxx    xxxxx
760150    FFFF    SE!    xxxxxxxx-xxxxxxxx    xxxxx
77014F    FFFF    SE!    xxxxxxxx-xxxxxxxx    xxxxx
78014E    FFFF    SE!    xxxxxxxx-xxxxxxxx    xxxxx
79014D    FFFF    SE!    xxxxxxxx-xxxxxxxx    xxxxx
7A014C    FFFF    SE!    xxxxxxxx-xxxxxxxx    xxxxx
7B014B    FFFF    SE!    xxxxxxxx-xxxxxxxx    xxxxx
7C014A    FFFF    SE!    xxxxxxxx-xxxxxxxx    xxxxx
7D0149    FFFF    SE!    xxxxxxxx-xxxxxxxx    xxxxx
7E0148    FFFF    SE!    xxxxxxxx-xxxxxxxx    xxxxx
7F0147    FFFF    SE!    xxxxxxxx-xxxxxxxx    xxxxx
800146    FFFF    SE!    xxxxxxxx-xxxxxxxx    xxxxx
810145    FFFF    SE!    xxxxxxxx-xxxxxxxx    xxxxx
820144    FFFF    SE!    xxxxxxxx-xxxxxxxx    xxxxx
830143    FFFF    SE!    xxxxxxxx-xxxxxxxx    xxxxx
840142    FFFF    SE!    xxxxxxxx-xxxxxxxx    xxxxx
850141    FFFF    SE!    xxxxxxxx-xxxxxxxx    xxxxx
860140    FFFF    SE!    xxxxxxxx-xxxxxxxx    xxxxx
87013F    FFFF    SE!    xxxxxxxx-xxxxxxxx    xxxxx
88013E    FFFF    SE!    xxxxxxxx-xxxxxxxx    xxxxx
89013D    FFFF    SE!    xxxxxxxx-xxxxxxxx    xxxxx
8A013C    FFFF    SE!    xxxxxxxx-xxxxxxxx    xxxxx
8B013B    FFFF    SE!    xxxxxxxx-xxxxxxxx    xxxxx
8C013A    FFFF    SE!    xxxxxxxx-xxxxxxxx    xxxxx
8D0139    FFFF    SE!    xxxxxxxx-xxxxxxxx    xxxxx
8E0138    FFFF    SE!    xxxxxxxx-xxxxxxxx    xxxxx
8F0137    FFFF    SE!    xxxxxxxx-xxxxxxxx    xxxxx
900136    FFFF    SE!    xxxxxxxx-xxxxxxxx    xxxxx
910135    FFFF    SE!    xxxxxxxx-xxxxxxxx    xxxxx
920134    FFFF    SE!    xxxxxxxx-xxxxxxxx    xxxxx
930133    FFFF    SE!    xxxxxxxx-xxxxxxxx    xxxxx
940132    FFFF    SE!    xxxxxxxx-xxxxxxxx    xxxxx
950131    FFFF    SE!    xxxxxxxx-xxxxxxxx    xxxxx
960130    FFFF    SE!    xxxxxxxx-xxxxxxxx    xxxxx
97012F    FFFF    SE!    xxxxxxxx-xxxxxxxx    xxxxx
98012E    FFFF    SE!    xxxxxxxx-xxxxxxxx    xxxxx
99012D    FFFF    SE!    xxxxxxxx-xxxxxxxx    xxxxx
9A012C    FFFF    SE!    xxxxxxxx-xxxxxxxx    xxxxx
9B012B    FFFF    SE!    xxxxxxxx-xxxxxxxx    xxxxx
9C012A    FFFF    SE!    xxxxxxxx-xxxxxxxx    xxxxx
9D0129    FFFF    SE!    xxxxxxxx-xxxxxxxx    xxxxx
9E0128    FFFF    SE!    xxxxxxxx-xxxxxxxx    xxxxx
9F0127    FFFF    SE!    xxxxxxxx-xxxxxxxx    xxxxx
A00126    FFFF    SE!    xxxxxxxx-xxxxxxxx    xxxxx
A10125    FFFF    SE!    xxxxxxxx-xxxxxxxx    xxxxx
A20124    FFFF    SE!    xxxxxxxx-xxxxxxxx    xxxxx
A30123    FFFF    SE!    xxxxxxxx-xxxxxxxx    xxxxx
A40122    FFFF    SE!    xxxxxxxx-xxxxxxxx    xxxxx
A50121    FFFF    SE!    xxxxxxxx-xxxxxxxx    xxxxx
A60120    FFFF    SE!    xxxxxxxx-xxxxxxxx    xxxxx
A7011F    FFFF    SE!    xxxxxxxx-xxxxxxxx    xxxxx
A8011E    FFFF    SE!    xxxxxxxx-xxxxxxxx    xxxxx
A9011D    FFFF    SE!    xxxxxxxx-xxxxxxxx    xxxxx
AA011C    FFFF    SE!    xxxxxxxx-xxxxxxxx    xxxxx
AB011B    FFFF    SE!    xxxxxxxx-xxxxxxxx    xxxxx
AC011A    FFFF    SE!    xxxxxxxx-xxxxxxxx    xxxxx
AD0119    FFFF    SE!    xxxxxxxx-xxxxxxxx    xxxxx
AE0118    FFFF    SE!    xxxxxxxx-xxxxxxxx    xxxxx
AF0117    FFFF    SE!    xxxxxxxx-xxxxxxxx    xxxxx
B00116    FFFF    SE!    xxxxxxxx-xxxxxxxx    xxxxx
B10115    FFFF    SE!    xxxxxxxx-xxxxxxxx    xxxxx
B20114    FFFF    SE!    xxxxxxxx-xxxxxxxx    xxxxx
B30113    FFFF    SE!    xxxxxxxx-xxxxxxxx    xxxxx
B40112    FFFF    SE!    xxxxxxxx-xxxxxxxx    xxxxx
B50111    FFFF    SE!    xxxxxxxx-xxxxxxxx    xxxxx
B60110    FFFF    SE!    xxxxxxxx-xxxxxxxx    xxxxx
B7010F    FFFF    SE!    xxxxxxxx-xxxxxxxx    xxxxx
B8010E    FFFF    SE!    xxxxxxxx-xxxxxxxx    xxxxx
B9010D    FFFF    SE!    xxxxxxxx-xxxxxxxx    xxxxx
BA010C    FFFF    SE!    xxxxxxxx-xxxxxxxx    xxxxx
BB010B    FFFF    SE!    xxxxxxxx-xxxxxxxx    xxxxx
BC010A    FFFF    SE!    xxxxxxxx-xxxxxxxx    xxxxx
BD0109    FFFF    SE!    xxxxxxxx-xxxxxxxx    xxxxx
BE0108    FFFF    SE!    xxxxxxxx-xxxxxxxx    xxxxx
BF0107    FFFF    SE!    xxxxxxxx-xxxxxxxx    xxxxx
C00106    FFFF    SE!    xxxxxxxx-xxxxxxxx    xxxxx
C10105    FFFF    SE!    xxxxxxxx-xxxxxxxx    xxxxx
C20104    FFFF    SE!    xxxxxxxx-xxxxxxxx    xxxxx
C30103    FFFF    SE!    xxxxxxxx-xxxxxxxx    xxxxx
C40102    FFFF    SE!    xxxxxxxx-xxxxxxxx    xxxxx
C50101    FFFF    SE!    xxxxxxxx-xxxxxxxx    xxxxx
C60100    FFFF    SE!    xxxxxxxx-xxxxxxxx    xxxxx
C700FF    FFFF    SE!    xxxxxxxx-xxxxxxxx    xxxxx
C800FE    FFFF    SE!    xxxxxxxx-xxxxxxxx    xxxxx
C900FD    FFFF    SE!    xxxxxxxx-xxxxxxxx    xxxxx
CA00FC    FFFF    SE!    xxxxxxxx-xxxxxxxx    xxxxx
CB00FB    FFFF    SE!    xxxxxxxx-xxxxxxxx    xxxxx
CC00FA    FFFF    SE!    xxxxxxxx-xxxxxxxx    xxxxx
CD00F9    FFFF    SE!    xxxxxxxx-xxxxxxxx    xxxxx
CE00F8    FFFF    SE!    xxxxxxxx-xxxxxxxx    xxxxx
CF00F7    FFFF    SE!    xxxxxxxx-xxxxxxxx    xxxxx
D000F6    FFFF    SE!    xxxxxxxx-xxxxxxxx    xxxxx
D100F5    FFFF    SE!    xxxxxxxx-xxxxxxxx    xxxxx
D200F4    FD8B    SE!    xxxxxxxx-xxxxxxxx    xxxxx
D3016B      21    No     00008463-00008488       26
D2FEA0     2CB    SE!    xxxxxxxx-xxxxxxxx    xxxxx
D3023F       D    No     00008489-0000849A       12
D3018C      B3    SE!    xxxxxxxx-xxxxxxxx    xxxxx
D3025C      10    No     0000849B-000084AF       15
D3024C      10    SE!    xxxxxxxx-xxxxxxxx    xxxxx
D30293      76    No     000084B0-0000852A       7B
D3026C      27    SE!    xxxxxxxx-xxxxxxxx    xxxxx
D3030F       5    Yes    0000852B-00008532        8
D30309       6    SE!    xxxxxxxx-xxxxxxxx    xxxxx
D3032C      10    No     00008533-00008547       15
D30314      18    SE!    xxxxxxxx-xxxxxxxx    xxxxx
D3034C      13    No     00008548-0000855F       18
D3033C      10    SE!    xxxxxxxx-xxxxxxxx    xxxxx
D3043B      11    No     00008560-00008575       16
D3035F      DC    SE!    xxxxxxxx-xxxxxxxx    xxxxx
D30458      14    No     00008576-0000858E       19
D3044C       C    SE!    xxxxxxxx-xxxxxxxx    xxxxx
D30497       9    No     0000858F-0000859C        E
D3046C      2B    SE!    xxxxxxxx-xxxxxxxx    xxxxx
D304A7      62    No     0000859D-00008603       67
D304A0       7    SE!    xxxxxxxx-xxxxxxxx    xxxxx
D3050F       9    Yes    00008604-0000860B        8
D30509       6    SE!    xxxxxxxx-xxxxxxxx    xxxxx
D3052C      14    No     0000860C-00008624       19
D30518      14    SE!    xxxxxxxx-xxxxxxxx    xxxxx
D3054C      13    No     00008625-0000863C       18
D30540       C    SE!    xxxxxxxx-xxxxxxxx    xxxxx
D3056C       1    No     0000863D-00008642        6
D3055F       D    SE!    xxxxxxxx-xxxxxxxx    xxxxx
D308EF      21    No     00008643-00008668       26
D3056D     382    SE!    xxxxxxxx-xxxxxxxx    xxxxx
D30934       1    No     00008669-0000866E        6
D30910      24    SE!    xxxxxxxx-xxxxxxxx    xxxxx
D30941     2CA    No     0000866F-0000893D      2CF
D30935       C    SE!    xxxxxxxx-xxxxxxxx    xxxxx
D30C6B      21    No     0000893E-00008963       26
D30C0B      60    SE!    xxxxxxxx-xxxxxxxx    xxxxx
D30D30      1C    No     00008964-00008984       21
D30C8C      A4    SE!    xxxxxxxx-xxxxxxxx    xxxxx
D30D54      18    No     00008985-000089A1       1D
D30D4C       8    SE!    xxxxxxxx-xxxxxxxx    xxxxx
D30D80       5    No     000089A2-000089AB        A
D30D6C      14    SE!    xxxxxxxx-xxxxxxxx    xxxxx
D30D92       6    No     000089AC-000089B6        B
D30D85       D    SE!    xxxxxxxx-xxxxxxxx    xxxxx
D30D9F       D    Yes    000089B7-000089BE        8
D30D98       7    SE!    xxxxxxxx-xxxxxxxx    xxxxx
D30DAD      6B    No     000089BF-00008A2E       70
D30DAC       1    SE!    xxxxxxxx-xxxxxxxx    xxxxx
D30E2C      10    No     00008A2F-00008A43       15
D30E18      14    SE!    xxxxxxxx-xxxxxxxx    xxxxx
D30E4C      13    No     00008A44-00008A5B       18
D30E3C      10    SE!    xxxxxxxx-xxxxxxxx    xxxxx
D30E6C       9    No     00008A5C-00008A69        E
D30E5F       D    SE!    xxxxxxxx-xxxxxxxx    xxxxx
D30F2C      40    No     00008A6A-00008AAE       45
D30E75      B7    SE!    xxxxxxxx-xxxxxxxx    xxxxx
D30F7C      1C    No     00008AAF-00008ACF       21
D30F6C      10    SE!    xxxxxxxx-xxxxxxxx    xxxxx
D30F9F       D    Yes    00008AD0-00008AD7        8
D30F98       7    SE!    xxxxxxxx-xxxxxxxx    xxxxx
D30FAC      5D    No     00008AD8-00008B39       62
D3100F       9    Yes    00008B3A-00008B41        8
D31009       6    SE!    xxxxxxxx-xxxxxxxx    xxxxx
D3102C       D    No     00008B42-00008B53       12
D31018      14    SE!    xxxxxxxx-xxxxxxxx    xxxxx
D31039       7    Yes    00008B54-00008B5B        8
D3104C      14    No     00008B5C-00008B74       19
D31040       C    SE!    xxxxxxxx-xxxxxxxx    xxxxx
D3106C       9    No     00008B75-00008B82        E
D31060       C    SE!    xxxxxxxx-xxxxxxxx    xxxxx
D31090      1A    Yes    00008B83-00008B8A        8
D31075      1B    SE!    xxxxxxxx-xxxxxxxx    xxxxx
D315F3      21    No     00008B8B-00008BB0       26
D310AA     549    SE!    xxxxxxxx-xxxxxxxx    xxxxx
D31638       1    No     00008BB1-00008BB6        6
D31614      24    SE!    xxxxxxxx-xxxxxxxx    xxxxx
D31641     366    No     00008BB7-00008F21      36B
D31639       8    SE!    xxxxxxxx-xxxxxxxx    xxxxx
D31AE3      21    No     00008F22-00008F47       26
D319A7     13C    SE!    xxxxxxxx-xxxxxxxx    xxxxx
D31B9F       5    No     00008F48-00008F51        A
D31B04      9B    SE!    xxxxxxxx-xxxxxxxx    xxxxx
D31BAF       9    Yes    00008F52-00008F59        8
D31BA4       B    SE!    xxxxxxxx-xxxxxxxx    xxxxx
D31BB8       C    No     00008F5A-00008F6A       11
D31BC8      10    Yes    00008F6B-00008F72        8
D31BC4       4    SE!    xxxxxxxx-xxxxxxxx    xxxxx
D31BD8       C    No     00008F73-00008F83       11
D31BEC      16    Yes    00008F84-00008F8B        8
D31BE4       8    SE!    xxxxxxxx-xxxxxxxx    xxxxx
D31C07      5D    No     00008F8C-00008FED       62
D31C02       5    SE!    xxxxxxxx-xxxxxxxx    xxxxx
D31C64      11    Yes    00008FEE-00008FF5        8
D31C75      17    No     00008FF6-00009011       1C
D31C8E       A    Yes    00009012-00009019        8
D31C8C       2    SE!    xxxxxxxx-xxxxxxxx    xxxxx
D31CA4      18    No     0000901A-00009036       1D
D31C98       C    SE!    xxxxxxxx-xxxxxxxx    xxxxx
D31CC4      2D    No     00009037-00009068       32
D31CBC       8    SE!    xxxxxxxx-xxxxxxxx    xxxxx
D31CF8       5    No     00009069-00009072        A
D31CF1       7    SE!    xxxxxxxx-xxxxxxxx    xxxxx
D31D9B       9    No     00009073-00009080        E
D31CFD      9E    SE!    xxxxxxxx-xxxxxxxx    xxxxx
D31DAF       5    Yes    00009081-00009088        8
D31DA4       B    SE!    xxxxxxxx-xxxxxxxx    xxxxx
D31DB4      10    No     00009089-0000909D       15
D31DCC       C    Yes    0000909E-000090A5        8
D31DC4       8    SE!    xxxxxxxx-xxxxxxxx    xxxxx
D31DD9       B    No     000090A6-000090B5       10
D31DD8       1    SE!    xxxxxxxx-xxxxxxxx    xxxxx
D31DEC      17    Yes    000090B6-000090BD        8
D31DE4       8    SE!    xxxxxxxx-xxxxxxxx    xxxxx
D31E06      5E    No     000090BE-00009120       63
D31E03       3    SE!    xxxxxxxx-xxxxxxxx    xxxxx
D31E64      12    Yes    00009121-00009128        8
D31E76      12    No     00009129-0000913F       17
D31E89      13    Yes    00009140-00009147        8
D31E88       1    SE!    xxxxxxxx-xxxxxxxx    xxxxx
D31EA4      4D    No     00009148-00009199       52
D31E9C       8    SE!    xxxxxxxx-xxxxxxxx    xxxxx
D31EF8       5    No     0000919A-000091A3        A
D31EF1       7    SE!    xxxxxxxx-xxxxxxxx    xxxxx
D31F05      1E    No     000091A4-000091C6       23
D31EFD       8    SE!    xxxxxxxx-xxxxxxxx    xxxxx
D31F48       1    No     000091C7-000091CC        6
D31F23      25    SE!    xxxxxxxx-xxxxxxxx    xxxxx
D31F51     24A    No     000091CD-0000941B      24F
D31F49       8    SE!    xxxxxxxx-xxxxxxxx    xxxxx
D321CB      18    No     0000941C-00009438       1D
D3219B      30    SE!    xxxxxxxx-xxxxxxxx    xxxxx
D321EA       2    No     00009439-0000943F        7
D321E3       7    SE!    xxxxxxxx-xxxxxxxx    xxxxx
D32210     23A    No     00009440-0000967E      23F
D321EC      24    SE!    xxxxxxxx-xxxxxxxx    xxxxx
D32477      18    No     0000967F-0000969B       1D
D3244A      2D    SE!    xxxxxxxx-xxxxxxxx    xxxxx
D32496       2    No     0000969C-000096A2        7
D3248F       7    SE!    xxxxxxxx-xxxxxxxx    xxxxx
D32537       1    No     000096A3-000096A8        6
D32498      9F    SE!    xxxxxxxx-xxxxxxxx    xxxxx
D32545      13    No     000096A9-000096C0       18
D32538       D    SE!    xxxxxxxx-xxxxxxxx    xxxxx
D32565      13    No     000096C1-000096D8       18
D32558       D    SE!    xxxxxxxx-xxxxxxxx    xxxxx
D32588      20    Yes    000096D9-000096E0        8
D32578      10    SE!    xxxxxxxx-xxxxxxxx    xxxxx
D325B8      3F    No     000096E1-00009724       44
D325A8      10    SE!    xxxxxxxx-xxxxxxxx    xxxxx
D325F7      12    Yes    00009725-0000972C        8
D32639       7    No     0000972D-00009738        C
D32609      30    SE!    xxxxxxxx-xxxxxxxx    xxxxx
D32658       E    No     00009739-0000974B       13
D32640      18    SE!    xxxxxxxx-xxxxxxxx    xxxxx
D32749       F    No     0000974C-0000975F       14
D32666      E3    SE!    xxxxxxxx-xxxxxxxx    xxxxx
D32769       F    No     00009760-00009773       14
D32758      11    SE!    xxxxxxxx-xxxxxxxx    xxxxx
D32788      24    Yes    00009774-0000977B        8
D32778      10    SE!    xxxxxxxx-xxxxxxxx    xxxxx
D327B8      3F    No     0000977C-000097BF       44
D327AC       C    SE!    xxxxxxxx-xxxxxxxx    xxxxx
D327F7      16    Yes    000097C0-000097C7        8
D32839       7    No     000097C8-000097D3        C
D3280D      2C    SE!    xxxxxxxx-xxxxxxxx    xxxxx
D32858       E    No     000097D4-000097E6       13
D32840      18    SE!    xxxxxxxx-xxxxxxxx    xxxxx
D3289C      1A    No     000097E7-00009805       1F
D32866      36    SE!    xxxxxxxx-xxxxxxxx    xxxxx
D32C6D      1E    No     00009806-00009828       23
D328B6     3B7    SE!    xxxxxxxx-xxxxxxxx    xxxxx
D32F87      1F    No     00009829-0000984C       24
D32C8B     2FC    SE!    xxxxxxxx-xxxxxxxx    xxxxx
D33047      13    Yes    0000984D-00009854        8
D32FA6      A1    SE!    xxxxxxxx-xxxxxxxx    xxxxx
D3305A      2E    No     00009855-00009887       33
D330AB      76    No     00009888-00009902       7B
D33088      23    SE!    xxxxxxxx-xxxxxxxx    xxxxx
D3312A       6    No     00009903-0000990D        B
D33121       9    SE!    xxxxxxxx-xxxxxxxx    xxxxx
D33148       C    No     0000990E-0000991E       11
D33130      18    SE!    xxxxxxxx-xxxxxxxx    xxxxx
D33168      17    No     0000991F-0000993A       1C
D33154      14    SE!    xxxxxxxx-xxxxxxxx    xxxxx
D33253      34    No     0000993B-00009973       39
D3317F      D4    SE!    xxxxxxxx-xxxxxxxx    xxxxx
D332AB       1    No     00009974-00009979        6
D33287      24    SE!    xxxxxxxx-xxxxxxxx    xxxxx
D332B3      54    No     0000997A-000099D2       59
D332AC       7    SE!    xxxxxxxx-xxxxxxxx    xxxxx
D33314       5    No     000099D3-000099DC        A
D33307       D    SE!    xxxxxxxx-xxxxxxxx    xxxxx
D3332B       9    No     000099DD-000099EA        E
D33319      12    SE!    xxxxxxxx-xxxxxxxx    xxxxx
D33348       C    No     000099EB-000099FB       11
D33334      14    SE!    xxxxxxxx-xxxxxxxx    xxxxx
D33368      17    No     000099FC-00009A17       1C
D33354      14    SE!    xxxxxxxx-xxxxxxxx    xxxxx
D333AA     518    No     00009A18-00009F34      51D
D3337F      2B    SE!    xxxxxxxx-xxxxxxxx    xxxxx
D338CB       9    No     00009F35-00009F42        E
D338C2       9    SE!    xxxxxxxx-xxxxxxxx    xxxxx
D338DB       F    No     00009F43-00009F56       14
D338D4       7    SE!    xxxxxxxx-xxxxxxxx    xxxxx
D338FF       1    No     00009F57-00009F5C        6
D338EA      15    SE!    xxxxxxxx-xxxxxxxx    xxxxx
D3390A     358    No     00009F5D-0000A2B9      35D
D33900       A    SE!    xxxxxxxx-xxxxxxxx    xxxxx
D33CFF       9    No     0000A2BA-0000A2C7        E
D33C62      9D    SE!    xxxxxxxx-xxxxxxxx    xxxxx
D33D0F       F    No     0000A2C8-0000A2DB       14
D33D08       7    SE!    xxxxxxxx-xxxxxxxx    xxxxx
D33DAF      10    Yes    0000A2DC-0000A2E3        8
D33D1E      91    SE!    xxxxxxxx-xxxxxxxx    xxxxx
D33DBF       1    No     0000A2E4-0000A2E9        6
D33DCC      14    No     0000A2EA-0000A302       19
D33DC0       C    SE!    xxxxxxxx-xxxxxxxx    xxxxx
D33DE7       4    Yes    0000A303-0000A30A        8
D33DE0       7    SE!    xxxxxxxx-xxxxxxxx    xxxxx
D33DEB      C0    No     0000A30B-0000A3CF       C5
D33EC0       F    No     0000A3D0-0000A3E3       14
D33EAB      15    SE!    xxxxxxxx-xxxxxxxx    xxxxx
D33EE0      39    No     0000A3E4-0000A421       3E
D33ECF      11    SE!    xxxxxxxx-xxxxxxxx    xxxxx
D33FB7      22    Yes    0000A422-0000A429        8
D33F19      9E    SE!    xxxxxxxx-xxxxxxxx    xxxxx
D33FD9       7    No     0000A42A-0000A435        C
D33FEB       4    Yes    0000A436-0000A43D        8
D33FE0       B    SE!    xxxxxxxx-xxxxxxxx    xxxxx
D33FEF      10    No     0000A43E-0000A452       15
D34008       1    No     0000A453-0000A458        6
D33FFF       9    SE!    xxxxxxxx-xxxxxxxx    xxxxx
D3400C      9F    No     0000A459-0000A4FC       A4
D34009       3    SE!    xxxxxxxx-xxxxxxxx    xxxxx
D340C0       F    No     0000A4FD-0000A510       14
D340AB      15    SE!    xxxxxxxx-xxxxxxxx    xxxxx
D340E0      39    No     0000A511-0000A54E       3E
D340CF      11    SE!    xxxxxxxx-xxxxxxxx    xxxxx
D34122      1D    No     0000A54F-0000A570       22
D34119       9    SE!    xxxxxxxx-xxxxxxxx    xxxxx
D34186     230    No     0000A571-0000A7A5      235
D3413F      47    SE!    xxxxxxxx-xxxxxxxx    xxxxx
D343E5       D    No     0000A7A6-0000A7B7       12
D343B6      2F    SE!    xxxxxxxx-xxxxxxxx    xxxxx
D34693       F    No     0000A7B8-0000A7CB       14
D343F2     2A1    SE!    xxxxxxxx-xxxxxxxx    xxxxx
D3474F      1E    Yes    0000A7CC-0000A7D3        8
D346A2      AD    SE!    xxxxxxxx-xxxxxxxx    xxxxx
D3476D       7    No     0000A7D4-0000A7DF        C
D34787      3D    Yes    0000A7E0-0000A7E7        8
D34774      13    SE!    xxxxxxxx-xxxxxxxx    xxxxx
D347D4      40    No     0000A7E8-0000A82C       45
D347C4      10    SE!    xxxxxxxx-xxxxxxxx    xxxxx
D34814       9    Yes    0000A82D-0000A834        8
D34854      13    No     0000A835-0000A84C       18
D3481D      37    SE!    xxxxxxxx-xxxxxxxx    xxxxx
D34874       B    No     0000A84D-0000A85C       10
D34867       D    SE!    xxxxxxxx-xxxxxxxx    xxxxx
D34880      F3    Yes    0000A85D-0000A864        8
D3487F       1    SE!    xxxxxxxx-xxxxxxxx    xxxxx
D34973       1    No     0000A865-0000A86A        6
D3498D       7    No     0000A86B-0000A876        C
D34974      19    SE!    xxxxxxxx-xxxxxxxx    xxxxx
D349AC      29    Yes    0000A877-0000A87E        8
D34994      18    SE!    xxxxxxxx-xxxxxxxx    xxxxx
D349D5      3E    No     0000A87F-0000A8C1       43
D34A14      11    Yes    0000A8C2-0000A8C9        8
D34A13       1    SE!    xxxxxxxx-xxxxxxxx    xxxxx
D34A54      10    No     0000A8CA-0000A8DE       15
D34A25      2F    SE!    xxxxxxxx-xxxxxxxx    xxxxx
D34A74      17    No     0000A8DF-0000A8FA       1C
D34A64      10    SE!    xxxxxxxx-xxxxxxxx    xxxxx
D34AB8      18    Yes    0000A8FB-0000A902        8
D34A8B      2D    SE!    xxxxxxxx-xxxxxxxx    xxxxx
D34E87      16    No     0000A903-0000A91D       1B
D34AD0     3B7    SE!    xxxxxxxx-xxxxxxxx    xxxxx
D351F8      15    No     0000A91E-0000A937       1A
D34E9D     35B    SE!    xxxxxxxx-xxxxxxxx    xxxxx
D352AB      17    Yes    0000A938-0000A93F        8
D3520D      9E    SE!    xxxxxxxx-xxxxxxxx    xxxxx
D352C3      35    No     0000A940-0000A979       3A
D352C2       1    SE!    xxxxxxxx-xxxxxxxx    xxxxx
D35308       9    No     0000A97A-0000A987        E
D352F8      10    SE!    xxxxxxxx-xxxxxxxx    xxxxx
D35311      12    Yes    0000A988-0000A98F        8
D35323       D    No     0000A990-0000A9A1       12
D35338      59    No     0000A9A2-0000A9FF       5E
D35330       8    SE!    xxxxxxxx-xxxxxxxx    xxxxx
D353B8      18    No     0000AA00-0000AA1C       1D
D35391      27    SE!    xxxxxxxx-xxxxxxxx    xxxxx
D353D8      19    No     0000AA1D-0000AA3A       1E
D353D0       8    SE!    xxxxxxxx-xxxxxxxx    xxxxx
D35400       9    No     0000AA3B-0000AA48        E
D353F1       F    SE!    xxxxxxxx-xxxxxxxx    xxxxx
D354AF      17    Yes    0000AA49-0000AA50        8
D35409      A6    SE!    xxxxxxxx-xxxxxxxx    xxxxx
D354C7      11    No     0000AA51-0000AA66       16
D354C6       1    SE!    xxxxxxxx-xxxxxxxx    xxxxx
D354E0      18    No     0000AA67-0000AA83       1D
D354D8       8    SE!    xxxxxxxx-xxxxxxxx    xxxxx
D35508       9    No     0000AA84-0000AA91        E
D354F8      10    SE!    xxxxxxxx-xxxxxxxx    xxxxx
D35514       F    Yes    0000AA92-0000AA99        8
D35511       3    SE!    xxxxxxxx-xxxxxxxx    xxxxx
D35523       D    No     0000AA9A-0000AAAB       12
D35537      5E    No     0000AAAC-0000AB0E       63
D35530       7    SE!    xxxxxxxx-xxxxxxxx    xxxxx
D355B8      3D    No     0000AB0F-0000AB50       42
D35595      23    SE!    xxxxxxxx-xxxxxxxx    xxxxx
D35600       9    No     0000AB51-0000AB5E        E
D355F5       B    SE!    xxxxxxxx-xxxxxxxx    xxxxx
D3561C      1A    Yes    0000AB5F-0000AB66        8
D35609      13    SE!    xxxxxxxx-xxxxxxxx    xxxxx
D3563C       1    No     0000AB67-0000AB6C        6
D35636       6    SE!    xxxxxxxx-xxxxxxxx    xxxxx
D35645     436    No     0000AB6D-0000AFA7      43B
D3563D       8    SE!    xxxxxxxx-xxxxxxxx    xxxxx
D35B43      18    No     0000AFA8-0000AFC4       1D
D35A7B      C8    SE!    xxxxxxxx-xxxxxxxx    xxxxx
D35F81      16    No     0000AFC5-0000AFDF       1B
D35B5B     426    SE!    xxxxxxxx-xxxxxxxx    xxxxx
D36049      37    No     0000AFE0-0000B01B       3C
D35F97      B2    SE!    xxxxxxxx-xxxxxxxx    xxxxx
D36090       9    No     0000B01C-0000B029        E
D36080      10    SE!    xxxxxxxx-xxxxxxxx    xxxxx
D360A3       5    Yes    0000B02A-0000B031        8
D36099       A    SE!    xxxxxxxx-xxxxxxxx    xxxxx
D360AB      55    No     0000B032-0000B08B       5A
D360A8       3    SE!    xxxxxxxx-xxxxxxxx    xxxxx
D36108       D    No     0000B08C-0000B09D       12
D36100       8    SE!    xxxxxxxx-xxxxxxxx    xxxxx
D36140      18    No     0000B09E-0000B0BA       1D
D36115      2B    SE!    xxxxxxxx-xxxxxxxx    xxxxx
D36160      1B    No     0000B0BB-0000B0DA       20
D36158       8    SE!    xxxxxxxx-xxxxxxxx    xxxxx
D36184       1    No     0000B0DB-0000B0E0        6
D3617B       9    SE!    xxxxxxxx-xxxxxxxx    xxxxx
D3618C       5    No     0000B0E1-0000B0EA        A
D36185       7    SE!    xxxxxxxx-xxxxxxxx    xxxxx
D36249       6    Yes    0000B0EB-0000B0F2        8
D36191      B8    SE!    xxxxxxxx-xxxxxxxx    xxxxx
D3624F      11    No     0000B0F3-0000B108       16
D36268      18    No     0000B109-0000B125       1D
D36260       8    SE!    xxxxxxxx-xxxxxxxx    xxxxx
D36290       5    No     0000B126-0000B12F        A
D36280      10    SE!    xxxxxxxx-xxxxxxxx    xxxxx
D3629C       C    Yes    0000B130-0000B137        8
D36295       7    SE!    xxxxxxxx-xxxxxxxx    xxxxx
D362AB      55    No     0000B138-0000B191       5A
D362A8       3    SE!    xxxxxxxx-xxxxxxxx    xxxxx
D36308      11    No     0000B192-0000B1A7       16
D36300       8    SE!    xxxxxxxx-xxxxxxxx    xxxxx
D36319       B    Yes    0000B1A8-0000B1AF        8
D36340      3D    No     0000B1B0-0000B1F1       42
D36324      1C    SE!    xxxxxxxx-xxxxxxxx    xxxxx
D36384       1    No     0000B1F2-0000B1F7        6
D3637D       7    SE!    xxxxxxxx-xxxxxxxx    xxxxx
D36390       1    No     0000B1F8-0000B1FD        6
D36385       B    SE!    xxxxxxxx-xxxxxxxx    xxxxx
D363A1      1E    Yes    0000B1FE-0000B205        8
D36391      10    SE!    xxxxxxxx-xxxxxxxx    xxxxx
D92F9B      21    No     0000B206-0000B22B       26
D363BF    FFFF    SE!    xxxxxxxx-xxxxxxxx    xxxxx
D463BE    FFFF    SE!    xxxxxxxx-xxxxxxxx    xxxxx
D563BD    FFFF    SE!    xxxxxxxx-xxxxxxxx    xxxxx
D663BC    FFFF    SE!    xxxxxxxx-xxxxxxxx    xxxxx
D763BB    FFFF    SE!    xxxxxxxx-xxxxxxxx    xxxxx
D863BA    CBE1    SE!    xxxxxxxx-xxxxxxxx    xxxxx
D9321F      21    No     0000B22C-0000B251       26
D92FBC     263    SE!    xxxxxxxx-xxxxxxxx    xxxxx
D932CA      16    Yes    0000B252-0000B259        8
D93240      8A    SE!    xxxxxxxx-xxxxxxxx    xxxxx
D932EA      16    No     0000B25A-0000B274       1B
D932E0       A    SE!    xxxxxxxx-xxxxxxxx    xxxxx
D93308      18    No     0000B275-0000B291       1D
D93300       8    SE!    xxxxxxxx-xxxxxxxx    xxxxx
D93330      31    Yes    0000B292-0000B299        8
D93320      10    SE!    xxxxxxxx-xxxxxxxx    xxxxx
D93361      3F    No     0000B29A-0000B2DD       44
D933B4      2E    Yes    0000B2DE-0000B2E5        8
D933A0      14    SE!    xxxxxxxx-xxxxxxxx    xxxxx
D933E2       7    No     0000B2E6-0000B2F1        C
D93400       6    No     0000B2F2-0000B2FC        B
D933E9      17    SE!    xxxxxxxx-xxxxxxxx    xxxxx
D93406      E8    Yes    0000B2FD-0000B304        8
D934EE      12    No     0000B305-0000B31B       17
D9350C      14    No     0000B31C-0000B334       19
D93500       C    SE!    xxxxxxxx-xxxxxxxx    xxxxx
D9352C      35    Yes    0000B335-0000B33C        8
D93520       C    SE!    xxxxxxxx-xxxxxxxx    xxxxx
D93561      3F    No     0000B33D-0000B380       44
D935A0      42    Yes    0000B381-0000B388        8
D935E2       3    No     0000B389-0000B390        8
D93600       6    No     0000B391-0000B39B        B
D935E5      1B    SE!    xxxxxxxx-xxxxxxxx    xxxxx
D93620      26    Yes    0000B39C-0000B3A3        8
D93606      1A    SE!    xxxxxxxx-xxxxxxxx    xxxxx
D93646      18    No     0000B3A4-0000B3C0       1D
D93AB7      21    No     0000B3C1-0000B3E6       26
D9365E     459    SE!    xxxxxxxx-xxxxxxxx    xxxxx
D93E1B      21    No     0000B3E7-0000B40C       26
D93AD8     343    SE!    xxxxxxxx-xxxxxxxx    xxxxx
D93E7A       2    No     0000B40D-0000B413        7
D93E3C      3E    SE!    xxxxxxxx-xxxxxxxx    xxxxx
D93E98       2    No     0000B414-0000B41A        7
D93E7C      1C    SE!    xxxxxxxx-xxxxxxxx    xxxxx
D93EC5      17    Yes    0000B41B-0000B422        8
D93E9A      2B    SE!    xxxxxxxx-xxxxxxxx    xxxxx
D93EDE      3D    No     0000B423-0000B464       42
D93EDC       2    SE!    xxxxxxxx-xxxxxxxx    xxxxx
D93F3E      1A    Yes    0000B465-0000B46C        8
D93F1B      23    SE!    xxxxxxxx-xxxxxxxx    xxxxx
D93F5B      41    No     0000B46D-0000B4B2       46
D93F58       3    SE!    xxxxxxxx-xxxxxxxx    xxxxx
D93FA4      1B    Yes    0000B4B3-0000B4BA        8
D93F9C       8    SE!    xxxxxxxx-xxxxxxxx    xxxxx
D93FBF       1    No     0000B4BB-0000B4C0        6
D93FC2       6    Yes    0000B4C1-0000B4C8        8
D93FC0       2    SE!    xxxxxxxx-xxxxxxxx    xxxxx
D93FDC       C    No     0000B4C9-0000B4D9       11
D93FC8      14    SE!    xxxxxxxx-xxxxxxxx    xxxxx
D93FFC      10    No     0000B4DA-0000B4EE       15
D93FE8      14    SE!    xxxxxxxx-xxxxxxxx    xxxxx
D9401C       D    Yes    0000B4EF-0000B4F6        8
D9400C      10    SE!    xxxxxxxx-xxxxxxxx    xxxxx
D9407A       2    No     0000B4F7-0000B4FD        7
D94029      51    SE!    xxxxxxxx-xxxxxxxx    xxxxx
D94098       2    No     0000B4FE-0000B504        7
D9407C      1C    SE!    xxxxxxxx-xxxxxxxx    xxxxx
D940C7      15    Yes    0000B505-0000B50C        8
D9409A      2D    SE!    xxxxxxxx-xxxxxxxx    xxxxx
D940DE      3D    No     0000B50D-0000B54E       42
D940DC       2    SE!    xxxxxxxx-xxxxxxxx    xxxxx
D9413E       E    Yes    0000B54F-0000B556        8
D9411B      23    SE!    xxxxxxxx-xxxxxxxx    xxxxx
D9414F      4C    No     0000B557-0000B5A7       51
D9414C       3    SE!    xxxxxxxx-xxxxxxxx    xxxxx
D9419B      44    Yes    0000B5A8-0000B5AF        8
D941DF       5    No     0000B5B0-0000B5B9        A
D941FC       A    No     0000B5BA-0000B5C8        F
D941E4      18    SE!    xxxxxxxx-xxxxxxxx    xxxxx
D9421C      3F    Yes    0000B5C9-0000B5D0        8
D94206      16    SE!    xxxxxxxx-xxxxxxxx    xxxxx
D9472F      1F    No     0000B5D1-0000B5F4       24
D9425B     4D4    SE!    xxxxxxxx-xxxxxxxx    xxxxx
D94B3F      35    No     0000B5F5-0000B62E       3A
D9474E     3F1    SE!    xxxxxxxx-xxxxxxxx    xxxxx
D94B7C      18    No     0000B62F-0000B64B       1D
D94B74       8    SE!    xxxxxxxx-xxxxxxxx    xxxxx
D94BA4       E    Yes    0000B64C-0000B653        8
D94B94      10    SE!    xxxxxxxx-xxxxxxxx    xxxxx
D94BB9      13    No     0000B654-0000B66B       18
D94BB2       7    SE!    xxxxxxxx-xxxxxxxx    xxxxx
D94BD4      41    No     0000B66C-0000B6B1       46
D94BCC       8    SE!    xxxxxxxx-xxxxxxxx    xxxxx
D94C1C       6    No     0000B6B2-0000B6BC        B
D94C15       7    SE!    xxxxxxxx-xxxxxxxx    xxxxx
D94C24      33    Yes    0000B6BD-0000B6C4        8
D94C22       2    SE!    xxxxxxxx-xxxxxxxx    xxxxx
D94C57       1    No     0000B6C5-0000B6CA        6
D94C58       7    Yes    0000B6CB-0000B6D2        8
D94C74      10    No     0000B6D3-0000B6E7       15
D94C5F      15    SE!    xxxxxxxx-xxxxxxxx    xxxxx
D94C94       E    Yes    0000B6E8-0000B6EF        8
D94C84      10    SE!    xxxxxxxx-xxxxxxxx    xxxxx
D94D3B      59    No     0000B6F0-0000B74D       5E
D94CA2      99    SE!    xxxxxxxx-xxxxxxxx    xxxxx
D94DA8       6    Yes    0000B74E-0000B755        8
D94D94      14    SE!    xxxxxxxx-xxxxxxxx    xxxxx
D94DB0      18    No     0000B756-0000B772       1D
D94DAE       2    SE!    xxxxxxxx-xxxxxxxx    xxxxx
D94DD3      4A    No     0000B773-0000B7C1       4F
D94DC8       B    SE!    xxxxxxxx-xxxxxxxx    xxxxx
D94E1D      3A    Yes    0000B7C2-0000B7C9        8
D94E57       4    No     0000B7CA-0000B7D2        9
D94E74       B    No     0000B7D3-0000B7E2       10
D94E5B      19    SE!    xxxxxxxx-xxxxxxxx    xxxxx
D94E94       A    Yes    0000B7E3-0000B7EA        8
D94E7F      15    SE!    xxxxxxxx-xxxxxxxx    xxxxx
D94EB4      20    No     0000B7EB-0000B80F       25
D94E9E      16    SE!    xxxxxxxx-xxxxxxxx    xxxxx
D978C7       1    No     0000B810-0000B815        6
D94ED4    29F3    SE!    xxxxxxxx-xxxxxxxx    xxxxx
D978E5       2    No     0000B816-0000B81C        7
D978C8      1D    SE!    xxxxxxxx-xxxxxxxx    xxxxx
D9792B      56    No     0000B81D-0000B877       5B
D978E7      44    SE!    xxxxxxxx-xxxxxxxx    xxxxx
D97983      23    Yes    0000B878-0000B87F        8
D97981       2    SE!    xxxxxxxx-xxxxxxxx    xxxxx
D979C8      39    No     0000B880-0000B8BD       3E
D979A6      22    SE!    xxxxxxxx-xxxxxxxx    xxxxx
D97A08       5    Yes    0000B8BE-0000B8C5        8
D97A01       7    SE!    xxxxxxxx-xxxxxxxx    xxxxx
D97A33       1    No     0000B8C6-0000B8CB        6
D97A0D      26    SE!    xxxxxxxx-xxxxxxxx    xxxxx
D97A4A       3    No     0000B8CC-0000B8D3        8
D97A34      16    SE!    xxxxxxxx-xxxxxxxx    xxxxx
D97A79       7    No     0000B8D4-0000B8DF        C
D97A4D      2C    SE!    xxxxxxxx-xxxxxxxx    xxxxx
D97B2A      53    No     0000B8E0-0000B937       58
D97A80      AA    SE!    xxxxxxxx-xxxxxxxx    xxxxx
D97B80      26    Yes    0000B938-0000B93F        8
D97B7D       3    SE!    xxxxxxxx-xxxxxxxx    xxxxx
D97BAB       9    No     0000B940-0000B94D        E
D97BA6       5    SE!    xxxxxxxx-xxxxxxxx    xxxxx
D97BC8      40    No     0000B94E-0000B992       45
D97BB4      14    SE!    xxxxxxxx-xxxxxxxx    xxxxx
D97C08       9    Yes    0000B993-0000B99A        8
D97C33       1    No     0000B99B-0000B9A0        6
D97C11      22    SE!    xxxxxxxx-xxxxxxxx    xxxxx
D97C4A       6    No     0000B9A1-0000B9AB        B
D97C34      16    SE!    xxxxxxxx-xxxxxxxx    xxxxx
D97C7A       6    No     0000B9AC-0000B9B6        B
D97C50      2A    SE!    xxxxxxxx-xxxxxxxx    xxxxx
D97CA8      20    No     0000B9B7-0000B9DB       25
D97C80      28    SE!    xxxxxxxx-xxxxxxxx    xxxxx
E60B5C      12    No     0000B9DC-0000B9F2       17
D97CC8    FFFF    SE!    xxxxxxxx-xxxxxxxx    xxxxx
DA7CC7    FFFF    SE!    xxxxxxxx-xxxxxxxx    xxxxx
DB7CC6    FFFF    SE!    xxxxxxxx-xxxxxxxx    xxxxx
DC7CC5    FFFF    SE!    xxxxxxxx-xxxxxxxx    xxxxx
DD7CC4    FFFF    SE!    xxxxxxxx-xxxxxxxx    xxxxx
DE7CC3    FFFF    SE!    xxxxxxxx-xxxxxxxx    xxxxx
DF7CC2    FFFF    SE!    xxxxxxxx-xxxxxxxx    xxxxx
E07CC1    FFFF    SE!    xxxxxxxx-xxxxxxxx    xxxxx
E17CC0    FFFF    SE!    xxxxxxxx-xxxxxxxx    xxxxx
E27CBF    FFFF    SE!    xxxxxxxx-xxxxxxxx    xxxxx
E37CBE    FFFF    SE!    xxxxxxxx-xxxxxxxx    xxxxx
E47CBD    FFFF    SE!    xxxxxxxx-xxxxxxxx    xxxxx
E57CBC    8EA0    SE!    xxxxxxxx-xxxxxxxx    xxxxx
E64A08      12    No     0000B9F3-0000BA09       17
E60B6E    3E9A    SE!    xxxxxxxx-xxxxxxxx    xxxxx
E64D2C      12    No     0000BA0A-0000BA20       17
E64A1A     312    SE!    xxxxxxxx-xxxxxxxx    xxxxx
E675D8       1    No     0000BA21-0000BA26        6
E64D3E    289A    SE!    xxxxxxxx-xxxxxxxx    xxxxx
E675E3     2F6    No     0000BA27-0000BD21      2FB
E675D9       A    SE!    xxxxxxxx-xxxxxxxx    xxxxx
E67907       8    No     0000BD22-0000BD2E        D
E678D9      2E    SE!    xxxxxxxx-xxxxxxxx    xxxxx
E6C838      D3    Yes    0000BD2F-0000BD36        8
E6790F    4F29    SE!    xxxxxxxx-xxxxxxxx    xxxxx
E6C90B      51    No     0000BD37-0000BD8C       56
E6C964       5    Yes    0000BD8D-0000BD94        8
E6C95C       8    SE!    xxxxxxxx-xxxxxxxx    xxxxx
E6C96C       D    No     0000BD95-0000BDA6       12
E6C969       3    SE!    xxxxxxxx-xxxxxxxx    xxxxx
E6C9E3      98    No     0000BDA7-0000BE43       9D
E6C979      6A    SE!    xxxxxxxx-xxxxxxxx    xxxxx
E6CADE      7B    No     0000BE44-0000BEC3       80
E6CA7B      63    SE!    xxxxxxxx-xxxxxxxx    xxxxx
E6CBDC      7F    No     0000BEC4-0000BF47       84
E6CB59      83    SE!    xxxxxxxx-xxxxxxxx    xxxxx
E6CCDD       F    No     0000BF48-0000BF5B       14
E6CC5B      82    SE!    xxxxxxxx-xxxxxxxx    xxxxx
E6CCEE       A    Yes    0000BF5C-0000BF63        8
E6CCEC       2    SE!    xxxxxxxx-xxxxxxxx    xxxxx
E6CCFC      5D    No     0000BF64-0000BFC5       62
E6CCF8       4    SE!    xxxxxxxx-xxxxxxxx    xxxxx
E6CDEF      6D    No     0000BFC6-0000C037       72
E6CD59      96    SE!    xxxxxxxx-xxxxxxxx    xxxxx
E6D10A       D    Yes    0000C038-0000C03F        8
E6CE5C     2AE    SE!    xxxxxxxx-xxxxxxxx    xxxxx
E6D117       5    No     0000C040-0000C049        A
E6D128       8    Yes    0000C04A-0000C051        8
E6D11C       C    SE!    xxxxxxxx-xxxxxxxx    xxxxx
E6D130       C    No     0000C052-0000C062       11
E6D14C       6    Yes    0000C063-0000C06A        8
E6D13C      10    SE!    xxxxxxxx-xxxxxxxx    xxxxx
E6D154       8    No     0000C06B-0000C077        D
E6D152       2    SE!    xxxxxxxx-xxxxxxxx    xxxxx
E6D1EB      31    No     0000C078-0000C0AD       36
E6D15C      8F    SE!    xxxxxxxx-xxxxxxxx    xxxxx
E6D21C      10    Yes    0000C0AE-0000C0B5        8
E6D22C      30    No     0000C0B6-0000C0EA       35
E6D2DF      8A    No     0000C0EB-0000C179       8F
E6D25C      83    SE!    xxxxxxxx-xxxxxxxx    xxxxx
E6D3DE      7D    No     0000C17A-0000C1FB       82
E6D369      75    SE!    xxxxxxxx-xxxxxxxx    xxxxx
E6D4D7       9    No     0000C1FC-0000C209        E
E6D45B      7C    SE!    xxxxxxxx-xxxxxxxx    xxxxx
E6D4EB      11    No     0000C20A-0000C21F       16
E6D4E0       B    SE!    xxxxxxxx-xxxxxxxx    xxxxx
E6D504      58    No     0000C220-0000C27C       5D
E6D4FC       8    SE!    xxxxxxxx-xxxxxxxx    xxxxx
E6D568      13    No     0000C27D-0000C294       18
E6D55C       C    SE!    xxxxxxxx-xxxxxxxx    xxxxx
E6D5BF       9    No     0000C295-0000C2A2        E
E6D57B      44    SE!    xxxxxxxx-xxxxxxxx    xxxxx
E6D5DC       4    No     0000C2A3-0000C2AB        9
E6D5C8      14    SE!    xxxxxxxx-xxxxxxxx    xxxxx
E6D5F4       1    No     0000C2AC-0000C2B1        6
E6D5E0      14    SE!    xxxxxxxx-xxxxxxxx    xxxxx
E6D5FC      2C    No     0000C2B2-0000C2E2       31
E6D5F5       7    SE!    xxxxxxxx-xxxxxxxx    xxxxx
E6D628      12    Yes    0000C2E3-0000C2EA        8
E6D63C       B    No     0000C2EB-0000C2FA       10
E6D63A       2    SE!    xxxxxxxx-xxxxxxxx    xxxxx
E6D651      17    No     0000C2FB-0000C316       1C
E6D647       A    SE!    xxxxxxxx-xxxxxxxx    xxxxx
E6D684      14    No     0000C317-0000C32F       19
E6D668      1C    SE!    xxxxxxxx-xxxxxxxx    xxxxx
E6D6B4       5    No     0000C330-0000C339        A
E6D698      1C    SE!    xxxxxxxx-xxxxxxxx    xxxxx
E6D91E       D    Yes    0000C33A-0000C341        8
E6D6B9     265    SE!    xxxxxxxx-xxxxxxxx    xxxxx
E6D92B      51    No     0000C342-0000C397       56
E6D9FF      7D    No     0000C398-0000C419       82
E6D97C      83    SE!    xxxxxxxx-xxxxxxxx    xxxxx
E6DA90       1    No     0000C41A-0000C41F        6
E6DA7C      14    SE!    xxxxxxxx-xxxxxxxx    xxxxx
E6DA94       6    No     0000C420-0000C42A        B
E6DA91       3    SE!    xxxxxxxx-xxxxxxxx    xxxxx
E6DAE9      86    No     0000C42B-0000C4B5       8B
E6DA9A      4F    SE!    xxxxxxxx-xxxxxxxx    xxxxx
E6DB7C       1    No     0000C4B6-0000C4BB        6
E6DB6F       D    SE!    xxxxxxxx-xxxxxxxx    xxxxx
E6DBDE      2D    No     0000C4BC-0000C4ED       32
E6DB7D      61    SE!    xxxxxxxx-xxxxxxxx    xxxxx
E6DC0C       F    Yes    0000C4EE-0000C4F5        8
E6DC0B       1    SE!    xxxxxxxx-xxxxxxxx    xxxxx
E6DC1B      41    No     0000C4F6-0000C53B       46
E6DC70       9    No     0000C53C-0000C549        E
E6DC5C      14    SE!    xxxxxxxx-xxxxxxxx    xxxxx
E6DCDD       B    No     0000C54A-0000C559       10
E6DC79      64    SE!    xxxxxxxx-xxxxxxxx    xxxxx
E6DCFC      7D    No     0000C55A-0000C5DB       82
E6DCE8      14    SE!    xxxxxxxx-xxxxxxxx    xxxxx
E6DDFE      1E    No     0000C5DC-0000C5FE       23
E6DD79      85    SE!    xxxxxxxx-xxxxxxxx    xxxxx
E6DE1C       E    Yes    0000C5FF-0000C606        8
E6DE2C      31    No     0000C607-0000C63C       36
E6DE2A       2    SE!    xxxxxxxx-xxxxxxxx    xxxxx
E6DE74       7    No     0000C63D-0000C648        C
E6DE5D      17    SE!    xxxxxxxx-xxxxxxxx    xxxxx
E6E016      43    Yes    0000C649-0000C650        8
E6DE7B     19B    SE!    xxxxxxxx-xxxxxxxx    xxxxx
E6E0F7      31    No     0000C651-0000C686       36
E6E059      9E    SE!    xxxxxxxx-xxxxxxxx    xxxxx
E6E128      10    Yes    0000C687-0000C68E        8
E6E138      24    No     0000C68F-0000C6B7       29
E6E1CB      1E    No     0000C6B8-0000C6DA       23
E6E15C      6F    SE!    xxxxxxxx-xxxxxxxx    xxxxx
E6E1E9       F    Yes    0000C6DB-0000C6E2        8
E6E1F8      5F    No     0000C6E3-0000C746       64
E6E268       D    No     0000C747-0000C758       12
E6E257      11    SE!    xxxxxxxx-xxxxxxxx    xxxxx
E6E288      12    No     0000C759-0000C76F       17
E6E275      13    SE!    xxxxxxxx-xxxxxxxx    xxxxx
E6E2BD      8A    No     0000C770-0000C7FE       8F
E6E29A      23    SE!    xxxxxxxx-xxxxxxxx    xxxxx
E6E3BC      12    No     0000C7FF-0000C815       17
E6E347      75    SE!    xxxxxxxx-xxxxxxxx    xxxxx
E6E3CE       E    Yes    0000C816-0000C81D        8
E6E3DC      60    No     0000C81E-0000C882       65
E6E444       5    No     0000C883-0000C88C        A
E6E43C       8    SE!    xxxxxxxx-xxxxxxxx    xxxxx
E6E4BE       2    No     0000C88D-0000C893        7
E6E449      75    SE!    xxxxxxxx-xxxxxxxx    xxxxx
E6E4C3       F    No     0000C894-0000C8A7       14
E6E4C0       3    SE!    xxxxxxxx-xxxxxxxx    xxxxx
E6E4DC      5E    No     0000C8A8-0000C90A       63
E6E4D2       A    SE!    xxxxxxxx-xxxxxxxx    xxxxx
E6E5C1      60    No     0000C90B-0000C96F       65
E6E53A      87    SE!    xxxxxxxx-xxxxxxxx    xxxxx
E6E624     2F3    Yes    0000C970-0000C977        8
E6E621       3    SE!    xxxxxxxx-xxxxxxxx    xxxxx
E6E917       5    No     0000C978-0000C981        A
E6E924       9    Yes    0000C982-0000C989        8
E6E91C       8    SE!    xxxxxxxx-xxxxxxxx    xxxxx
E6E92D       F    No     0000C98A-0000C99D       14
E6E948       2    No     0000C99E-0000C9A4        7
E6E93C       C    SE!    xxxxxxxx-xxxxxxxx    xxxxx
E6E94C      10    No     0000C9A5-0000C9B9       15
E6E94A       2    SE!    xxxxxxxx-xxxxxxxx    xxxxx
E6E974       5    Yes    0000C9BA-0000C9C1        8
E6E95C      18    SE!    xxxxxxxx-xxxxxxxx    xxxxx
E6E9EA      90    No     0000C9C2-0000CA56       95
E6E979      71    SE!    xxxxxxxx-xxxxxxxx    xxxxx
E6EABF      A7    No     0000CA57-0000CB02       AC
E6EA7A      45    SE!    xxxxxxxx-xxxxxxxx    xxxxx
E6EBBC      81    No     0000CB03-0000CB88       86
E6EB66      56    SE!    xxxxxxxx-xxxxxxxx    xxxxx
E6EC44       5    No     0000CB89-0000CB92        A
E6EC3D       7    SE!    xxxxxxxx-xxxxxxxx    xxxxx
E6EC58       2    No     0000CB93-0000CB99        7
E6EC49       F    SE!    xxxxxxxx-xxxxxxxx    xxxxx
E6ECBE       1    No     0000CB9A-0000CB9F        6
E6EC5A      64    SE!    xxxxxxxx-xxxxxxxx    xxxxx
E6ECBF       9    Yes    0000CBA0-0000CBA7        8
E6ECDC      79    No     0000CBA8-0000CC25       7E
E6ECC8      14    SE!    xxxxxxxx-xxxxxxxx    xxxxx
E6EDBE       5    No     0000CC26-0000CC2F        A
E6ED55      69    SE!    xxxxxxxx-xxxxxxxx    xxxxx
E6EDCE      6C    No     0000CC30-0000CCA0       71
E6EDC3       B    SE!    xxxxxxxx-xxxxxxxx    xxxxx
E6EE67       9    No     0000CCA1-0000CCAE        E
E6EE3A      2D    SE!    xxxxxxxx-xxxxxxxx    xxxxx
E6EE84       A    No     0000CCAF-0000CCBD        F
E6EE70      14    SE!    xxxxxxxx-xxxxxxxx    xxxxx
EA0104      50    No     0000CCBE-0000CD12       55
E6EE8E    FFFF    SE!    xxxxxxxx-xxxxxxxx    xxxxx
E7EE8D    FFFF    SE!    xxxxxxxx-xxxxxxxx    xxxxx
E8EE8C    FFFF    SE!    xxxxxxxx-xxxxxxxx    xxxxx
E9EE8B    1279    SE!    xxxxxxxx-xxxxxxxx    xxxxx
EA0180      28    No     0000CD13-0000CD3F       2D
EA0154      2C    SE!    xxxxxxxx-xxxxxxxx    xxxxx
EA1C48       1    No     0000CD40-0000CD45        6
EA01A8    1AA0    SE!    xxxxxxxx-xxxxxxxx    xxxxx
EAB8F9       1    No     0000CD46-0000CD4B        6
EA1C49    9CB0    SE!    xxxxxxxx-xxxxxxxx    xxxxx
EAB904      56    No     0000CD4C-0000CDA6       5B
EAB8FA       A    SE!    xxxxxxxx-xxxxxxxx    xxxxx
EAB966       5    No     0000CDA7-0000CDB0        A
EAB95A       C    SE!    xxxxxxxx-xxxxxxxx    xxxxx
EAB977       5    No     0000CDB1-0000CDBA        A
EAB96B       C    SE!    xxxxxxxx-xxxxxxxx    xxxxx
EAB988       5    No     0000CDBB-0000CDC4        A
EAB97C       C    SE!    xxxxxxxx-xxxxxxxx    xxxxx
EAB995    186C    No     0000CDC5-0000E635     1871
EAB98D       8    SE!    xxxxxxxx-xxxxxxxx    xxxxx
EB0B20    D31A    No     0000E636-0001B954     D31F
EAD201    391F    SE!    xxxxxxxx-xxxxxxxx    xxxxx
FFFFFE       2    No     0001B955-0001B95B        7
EBDE3A    FFFF    SE!    xxxxxxxx-xxxxxxxx    xxxxx
ECDE39    FFFF    SE!    xxxxxxxx-xxxxxxxx    xxxxx
EDDE38    FFFF    SE!    xxxxxxxx-xxxxxxxx    xxxxx
EEDE37    FFFF    SE!    xxxxxxxx-xxxxxxxx    xxxxx
EFDE36    FFFF    SE!    xxxxxxxx-xxxxxxxx    xxxxx
F0DE35    FFFF    SE!    xxxxxxxx-xxxxxxxx    xxxxx
F1DE34    FFFF    SE!    xxxxxxxx-xxxxxxxx    xxxxx
F2DE33    FFFF    SE!    xxxxxxxx-xxxxxxxx    xxxxx
F3DE32    FFFF    SE!    xxxxxxxx-xxxxxxxx    xxxxx
F4DE31    FFFF    SE!    xxxxxxxx-xxxxxxxx    xxxxx
F5DE30    FFFF    SE!    xxxxxxxx-xxxxxxxx    xxxxx
F6DE2F    FFFF    SE!    xxxxxxxx-xxxxxxxx    xxxxx
F7DE2E    FFFF    SE!    xxxxxxxx-xxxxxxxx    xxxxx
F8DE2D    FFFF    SE!    xxxxxxxx-xxxxxxxx    xxxxx
F9DE2C    FFFF    SE!    xxxxxxxx-xxxxxxxx    xxxxx
FADE2B    FFFF    SE!    xxxxxxxx-xxxxxxxx    xxxxx
FBDE2A    FFFF    SE!    xxxxxxxx-xxxxxxxx    xxxxx
FCDE29    FFFF    SE!    xxxxxxxx-xxxxxxxx    xxxxx
FDDE28    FFFF    SE!    xxxxxxxx-xxxxxxxx    xxxxx
FEDE27    FFFF    SE!    xxxxxxxx-xxxxxxxx    xxxxx
FFDE26    21D8    SE!    xxxxxxxx-xxxxxxxx    xxxxx
------    ----    EOF    0001B95C-0001B95E        3

Total Patches: 406 (1030)
